<<<<<<< HEAD
\BOOKMARK [1][-]{section.1}{The Logistic Equation}{}% 1
\BOOKMARK [2][-]{subsection.1.1}{Period Doubling Region of the Logistic Equation}{section.1}% 2
\BOOKMARK [2][-]{subsection.1.2}{Chaotic Region of the Logistic Equation}{section.1}% 3
\BOOKMARK [1][-]{section.2}{Lyapunov Experiments}{}% 4
\BOOKMARK [2][-]{subsection.2.1}{Water Drop Experiment}{section.2}% 5
\BOOKMARK [1][-]{section.3}{Sources of Error}{}% 6
\BOOKMARK [1][-]{section.4}{Conclusion}{}% 7
\BOOKMARK [1][-]{section.5}{Appendices}{}% 8
\BOOKMARK [2][-]{subsection.5.1}{Appendix A: Data}{section.5}% 9
\BOOKMARK [2][-]{subsection.5.2}{Appendix B: Source Code}{section.5}% 10
\BOOKMARK [3][-]{subsubsection.5.2.1}{Error Propagation and Data Processing}{subsection.5.2}% 11
=======
\BOOKMARK [1][-]{section.1}{Period Doubling Region of the Logistic Equation}{}% 1
\BOOKMARK [1][-]{section.2}{Chaotic Region of the Logistic Equation}{}% 2
\BOOKMARK [1][-]{section.3}{Lyapunov Experiments}{}% 3
\BOOKMARK [1][-]{section.4}{Visualization of Chaos}{}% 4
\BOOKMARK [1][-]{section.5}{Water Drop Experiment}{}% 5
\BOOKMARK [1][-]{section.6}{Sources of Error}{}% 6
\BOOKMARK [1][-]{section.7}{Conclusion}{}% 7
\BOOKMARK [1][-]{section.8}{Appendices}{}% 8
\BOOKMARK [2][-]{subsection.8.1}{Appendix A: Source Code}{section.8}% 9
\BOOKMARK [3][-]{subsubsection.8.1.1}{Lyapunov Exponent Calculation}{subsection.8.1}% 10
\BOOKMARK [3][-]{subsubsection.8.1.2}{ xn \040Calculations for Different \040r s}{subsection.8.1}% 11
>>>>>>> Ryan
