

*******************************************************************************
Fri Feb 22 07:47:38 2019


FIT:    data read from 'calcRVsPosMagInd.tsv' u 1:2
        format = x:z
        #datapoints = 12
        residuals are weighted equally (unit weight)

function used for fitting: f(x)
	f(x) = (a * x**2) + (b * x)
fitted parameters initialized with current variable values

Warning: Initial value of parameter 'b' is zero.
iter      chisq       delta/lim  lambda   a             b            
   0 2.5583355936e+12   0.00e+00  3.26e+05    2.000000e+01   1.000000e-30
BREAK: Singular matrix in Invert_RtR

*******************************************************************************
Fri Feb 22 07:49:22 2019


FIT:    data read from 'calcRVsPosMagInd.tsv' u 1:2
        format = x:z
        #datapoints = 12
        residuals are weighted equally (unit weight)

function used for fitting: f(x)
	f(x) = (a * x**2) + (b * x)
fitted parameters initialized with current variable values

iter      chisq       delta/lim  lambda   a             b            
   0 2.5597297159e+12   0.00e+00  3.26e+05    2.000000e+01   1.000000e+00
   8 1.3858101697e-04  -2.32e-06  3.26e-03   -1.300207e-06   5.301859e-04

After 8 iterations the fit converged.
final sum of squares of residuals : 0.000138581
rel. change during last iteration : -2.31845e-11

degrees of freedom    (FIT_NDF)                        : 10
rms of residuals      (FIT_STDFIT) = sqrt(WSSR/ndf)    : 0.00372265
variance of residuals (reduced chisquare) = WSSR/ndf   : 1.38581e-05

Final set of parameters            Asymptotic Standard Error
=======================            ==========================
a               = -1.30021e-06     +/- 1.871e-07    (14.39%)
b               = 0.000530186      +/- 3.326e-05    (6.273%)

correlation matrix of the fit parameters:
                a      b      
a               1.000 
b              -0.969  1.000 


*******************************************************************************
Fri Feb 22 07:49:23 2019


FIT:    data read from 'calcRVsPosMagInd.tsv' u 1:2
        format = x:z
        #datapoints = 12
        residuals are weighted equally (unit weight)

function used for fitting: f(x)
	f(x) = (a * x**2) + (b * x)
fitted parameters initialized with current variable values

iter      chisq       delta/lim  lambda   a             b            
   0 2.5597297159e+12   0.00e+00  3.26e+05    2.000000e+01   1.000000e+00
   8 1.3858101697e-04  -2.32e-06  3.26e-03   -1.300207e-06   5.301859e-04

After 8 iterations the fit converged.
final sum of squares of residuals : 0.000138581
rel. change during last iteration : -2.31845e-11

degrees of freedom    (FIT_NDF)                        : 10
rms of residuals      (FIT_STDFIT) = sqrt(WSSR/ndf)    : 0.00372265
variance of residuals (reduced chisquare) = WSSR/ndf   : 1.38581e-05

Final set of parameters            Asymptotic Standard Error
=======================            ==========================
a               = -1.30021e-06     +/- 1.871e-07    (14.39%)
b               = 0.000530186      +/- 3.326e-05    (6.273%)

correlation matrix of the fit parameters:
                a      b      
a               1.000 
b              -0.969  1.000 


*******************************************************************************
Fri Feb 22 07:58:06 2019


FIT:    data read from 'calcRVsPosMagInd.tsv' u 1:2
        format = x:z
        #datapoints = 12
        residuals are weighted equally (unit weight)

function used for fitting: f(x)
	f(x) = (a * x**2) + (b * x)
fitted parameters initialized with current variable values

iter      chisq       delta/lim  lambda   a             b            
   0 2.5597297159e+12   0.00e+00  3.26e+05    2.000000e+01   1.000000e+00
   8 1.3858101697e-04  -2.32e-06  3.26e-03   -1.300207e-06   5.301859e-04

After 8 iterations the fit converged.
final sum of squares of residuals : 0.000138581
rel. change during last iteration : -2.31845e-11

degrees of freedom    (FIT_NDF)                        : 10
rms of residuals      (FIT_STDFIT) = sqrt(WSSR/ndf)    : 0.00372265
variance of residuals (reduced chisquare) = WSSR/ndf   : 1.38581e-05

Final set of parameters            Asymptotic Standard Error
=======================            ==========================
a               = -1.30021e-06     +/- 1.871e-07    (14.39%)
b               = 0.000530186      +/- 3.326e-05    (6.273%)

correlation matrix of the fit parameters:
                a      b      
a               1.000 
b              -0.969  1.000 


*******************************************************************************
Fri Feb 22 07:59:10 2019


FIT:    data read from 'calcRVsPosMagInd.tsv' u 1:2
        format = x:z
        #datapoints = 12
        residuals are weighted equally (unit weight)

function used for fitting: f(x)
	f(x) = (a * x**2) + (b * x)
fitted parameters initialized with current variable values

iter      chisq       delta/lim  lambda   a             b            
   0 2.5597297159e+12   0.00e+00  3.26e+05    2.000000e+01   1.000000e+00
   8 1.3858101697e-04  -2.32e-06  3.26e-03   -1.300207e-06   5.301859e-04

After 8 iterations the fit converged.
final sum of squares of residuals : 0.000138581
rel. change during last iteration : -2.31845e-11

degrees of freedom    (FIT_NDF)                        : 10
rms of residuals      (FIT_STDFIT) = sqrt(WSSR/ndf)    : 0.00372265
variance of residuals (reduced chisquare) = WSSR/ndf   : 1.38581e-05

Final set of parameters            Asymptotic Standard Error
=======================            ==========================
a               = -1.30021e-06     +/- 1.871e-07    (14.39%)
b               = 0.000530186      +/- 3.326e-05    (6.273%)

correlation matrix of the fit parameters:
                a      b      
a               1.000 
b              -0.969  1.000 


*******************************************************************************
Fri Feb 22 08:01:32 2019


FIT:    data read from 'calcRVsPosMagInd.tsv' u 1:2
        format = x:z
        #datapoints = 12
        residuals are weighted equally (unit weight)

function used for fitting: f(x)
	f(x) = (a * x**2) + (b * x)
fitted parameters initialized with current variable values

iter      chisq       delta/lim  lambda   a             b            
   0 2.5597297159e+12   0.00e+00  3.26e+05    2.000000e+01   1.000000e+00
   8 1.3858101697e-04  -2.32e-06  3.26e-03   -1.300207e-06   5.301859e-04

After 8 iterations the fit converged.
final sum of squares of residuals : 0.000138581
rel. change during last iteration : -2.31845e-11

degrees of freedom    (FIT_NDF)                        : 10
rms of residuals      (FIT_STDFIT) = sqrt(WSSR/ndf)    : 0.00372265
variance of residuals (reduced chisquare) = WSSR/ndf   : 1.38581e-05

Final set of parameters            Asymptotic Standard Error
=======================            ==========================
a               = -1.30021e-06     +/- 1.871e-07    (14.39%)
b               = 0.000530186      +/- 3.326e-05    (6.273%)

correlation matrix of the fit parameters:
                a      b      
a               1.000 
b              -0.969  1.000 
