\BOOKMARK [1][-]{section.1}{Theory of the Experiment}{}% 1
\BOOKMARK [2][-]{subsection.1.1}{Deriving the Hall Voltage Equation}{section.1}% 2
\BOOKMARK [1][-]{section.2}{Hall Effect in P-Germanium}{}% 3
\BOOKMARK [2][-]{subsection.2.1}{Task 1}{section.2}% 4
\BOOKMARK [2][-]{subsection.2.2}{Task 2}{section.2}% 5
\BOOKMARK [2][-]{subsection.2.3}{Task 3}{section.2}% 6
\BOOKMARK [2][-]{subsection.2.4}{Task 4}{section.2}% 7
\BOOKMARK [2][-]{subsection.2.5}{Task 5}{section.2}% 8
\BOOKMARK [1][-]{section.3}{Hall Effect in N-Germanium}{}% 9
\BOOKMARK [2][-]{subsection.3.1}{Task 1}{section.3}% 10
\BOOKMARK [2][-]{subsection.3.2}{Task 2}{section.3}% 11
\BOOKMARK [2][-]{subsection.3.3}{Task 3}{section.3}% 12
\BOOKMARK [2][-]{subsection.3.4}{Task 4}{section.3}% 13
\BOOKMARK [2][-]{subsection.3.5}{Task 5}{section.3}% 14
\BOOKMARK [1][-]{section.4}{Hall Effect in Pure Germanium}{}% 15
\BOOKMARK [2][-]{subsection.4.1}{Determining Band Gap in Pure Ge}{section.4}% 16
\BOOKMARK [1][-]{section.5}{Hall Effect in Pure Zinc}{}% 17
\BOOKMARK [2][-]{subsection.5.1}{Determining Hall Constant in Pure Zn}{section.5}% 18
\BOOKMARK [1][-]{section.6}{Appendices}{}% 19
\BOOKMARK [2][-]{subsection.6.1}{Appendix A: Data}{section.6}% 20
\BOOKMARK [2][-]{subsection.6.2}{Appendix B: Source Code}{section.6}% 21
