\BOOKMARK [1][-]{section.1}{Data Analysis}{}% 1
\BOOKMARK [2][-]{subsection.1.1}{Frequency Dependence of Resonance Field}{section.1}% 2
\BOOKMARK [2][-]{subsection.1.2}{Propagation of Uncertainty in the Frequency Dependence of the Resonance Field}{section.1}% 3
\BOOKMARK [2][-]{subsection.1.3}{Experimental Value of Gyromagnetic Ratio}{section.1}% 4
\BOOKMARK [2][-]{subsection.1.4}{Propagating Uncertainty in Gyromagnetic Ratio}{section.1}% 5
\BOOKMARK [2][-]{subsection.1.5}{Rejection of Data}{section.1}% 6
\BOOKMARK [2][-]{subsection.1.6}{Determining Line Width of Resonance Signal}{section.1}% 7
\BOOKMARK [1][-]{section.2}{Results: Comparing Discrepancies and Uncertainties}{}% 8
\BOOKMARK [2][-]{subsection.2.1}{Discrepancy in Gyromagnetic Ratio}{section.2}% 9
\BOOKMARK [2][-]{subsection.2.2}{Discrepancy in Line Width}{section.2}% 10
\BOOKMARK [1][-]{section.3}{Sources of Error}{}% 11
\BOOKMARK [1][-]{section.4}{Conclusion}{}% 12
\BOOKMARK [1][-]{section.5}{Appendices}{}% 13
\BOOKMARK [2][-]{subsection.5.1}{Appendix A: Data}{section.5}% 14
\BOOKMARK [3][-]{subsubsection.5.1.1}{Frequency \046 Voltage}{subsection.5.1}% 15
\BOOKMARK [3][-]{subsubsection.5.1.2}{Small Coil}{subsection.5.1}% 16
\BOOKMARK [3][-]{subsubsection.5.1.3}{Medium Coil}{subsection.5.1}% 17
\BOOKMARK [3][-]{subsubsection.5.1.4}{Big Coil}{subsection.5.1}% 18
\BOOKMARK [2][-]{subsection.5.2}{Appendix B: Source Code}{section.5}% 19
\BOOKMARK [3][-]{subsubsection.5.2.1}{Error Propagation and Data Processing}{subsection.5.2}% 20
